\BOOKMARK [1][-]{section.1}{Explanatory Analysis}{}% 1
\BOOKMARK [1][-]{section.2}{Predictive Task}{}% 2
\BOOKMARK [1][-]{section.3}{Model Description}{}% 3
\BOOKMARK [2][-]{subsection.3.1}{Sentiment Analysis}{section.3}% 4
\BOOKMARK [3][-]{subsubsection.3.1.1}{Build Dictionary}{subsection.3.1}% 5
\BOOKMARK [3][-]{subsubsection.3.1.2}{Sentiment Analysis}{subsection.3.1}% 6
\BOOKMARK [1][-]{section.4}{RELATED LITERATURE}{}% 7
\BOOKMARK [2][-]{subsection.4.1}{NLP model}{section.4}% 8
\BOOKMARK [1][-]{section.5}{The Body of The Paper}{}% 9
\BOOKMARK [2][-]{subsection.5.1}{Type Changes and Special Characters}{section.5}% 10
\BOOKMARK [2][-]{subsection.5.2}{Math Equations}{section.5}% 11
\BOOKMARK [3][-]{subsubsection.5.2.1}{Inline \(In-text\) Equations}{subsection.5.2}% 12
\BOOKMARK [3][-]{subsubsection.5.2.2}{Display Equations}{subsection.5.2}% 13
\BOOKMARK [2][-]{subsection.5.3}{Citations}{section.5}% 14
\BOOKMARK [2][-]{subsection.5.4}{Tables}{section.5}% 15
\BOOKMARK [2][-]{subsection.5.5}{Figures}{section.5}% 16
\BOOKMARK [2][-]{subsection.5.6}{Theorem-like Constructs}{section.5}% 17
\BOOKMARK [1][-]{section.6}{Conclusions}{}% 18
\BOOKMARK [1][-]{section.7}{Acknowledgments}{}% 19
\BOOKMARK [1][-]{appendix.A}{Headings in Appendices}{}% 20
\BOOKMARK [2][-]{subsection.A.1}{Introduction}{appendix.A}% 21
\BOOKMARK [2][-]{subsection.A.2}{The Body of the Paper}{appendix.A}% 22
\BOOKMARK [3][-]{subsubsection.A.2.1}{Type Changes and Special Characters}{subsection.A.2}% 23
\BOOKMARK [3][-]{subsubsection.A.2.2}{Math Equations}{subsection.A.2}% 24
\BOOKMARK [3][-]{subsubsection.A.2.3}{Citations}{subsection.A.2}% 25
\BOOKMARK [3][-]{subsubsection.A.2.4}{Tables}{subsection.A.2}% 26
\BOOKMARK [3][-]{subsubsection.A.2.5}{Figures}{subsection.A.2}% 27
\BOOKMARK [3][-]{subsubsection.A.2.6}{Theorem-like Constructs}{subsection.A.2}% 28
\BOOKMARK [2][-]{subsection.A.3}{Conclusions}{appendix.A}% 29
\BOOKMARK [2][-]{subsection.A.4}{Acknowledgments}{appendix.A}% 30
\BOOKMARK [2][-]{subsection.A.5}{Additional Authors}{appendix.A}% 31
\BOOKMARK [2][-]{subsection.A.6}{References}{appendix.A}% 32
\BOOKMARK [1][-]{appendix.B}{More Help for the Hardy}{}% 33
